<?xml version="1.0" encoding="UTF-8" ?>
<testsuite failures="0" time="1.922" errors="0" skipped="0" tests="4" name="applicationtest.TestMeteoGroupService">
  <properties>
[...]
</properties>
  <testcase time="1.079" classname="applicationtest.TestMeteoGroupService" name="getPersonByIdWithSuccessAndCorrectResult"/>
  <testcase time="0.239" classname="applicationtest.TestMeteoGroupService" name="getPersonByIdWithSuccess"/>
  <testcase time="0.231" classname="applicationtest.TestMeteoGroupService" name="getPersonByIdThatDoesNotExist"/>
  <testcase time="0.253" classname="applicationtest.TestMeteoGroupService" name="createNewPerson"/>
</testsuite>